<?xml version="1.0" encoding="UTF-8"?>
<testng-results ignored="0" total="1" passed="1" failed="0" skipped="0">
  <reporter-output>
  </reporter-output>
  <suite started-at="2024-05-17T16:35:15 IST" name="Default suite" finished-at="2024-05-17T16:35:33 IST" duration-ms="18006">
    <groups>
    </groups>
    <test started-at="2024-05-17T16:35:15 IST" name="Default test" finished-at="2024-05-17T16:35:33 IST" duration-ms="18006">
      <class name="Test_CreateAccount.CreateAccountTest">
        <test-method is-config="true" signature="setUp()[pri:0, instance:Test_CreateAccount.CreateAccountTest@59505b48]" started-at="2024-05-17T16:35:15 IST" name="setUp" finished-at="2024-05-17T16:35:18 IST" duration-ms="2799" status="PASS">
          <reporter-output>
          </reporter-output>
        </test-method> <!-- setUp -->
        <test-method signature="testCreateAccount()[pri:1, instance:Test_CreateAccount.CreateAccountTest@59505b48]" started-at="2024-05-17T16:35:18 IST" name="testCreateAccount" finished-at="2024-05-17T16:35:33 IST" duration-ms="15137" status="PASS">
          <reporter-output>
          </reporter-output>
        </test-method> <!-- testCreateAccount -->
      </class> <!-- Test_CreateAccount.CreateAccountTest -->
    </test> <!-- Default test -->
  </suite> <!-- Default suite -->
</testng-results>
